accountsservice
alsa-utils
arc-gtk-theme
arch-install-scripts
ascii
audacity
autoconf
automake
binutils
bison
blender
blueman
bluez-utils
cheese
chromium
clementine
conky-manager
dialog
dolphin
dosbox
eclipse-common
efibootmgr
engrampa
exo
fakeroot
filezilla
firefox
flashplugin
flex
freerdp
garcon
gcc
gimp
git
gnome-alsamixer
gnome-boxes
gource
gparted
groff
grub
gst-libav
gst-plugins-ugly
gtk-xfce-engine
gvfs
irssi
kdeconnect
kdenlive
kodi
ktorrent
leafpad
lib32-fakeroot
libtool
light-locker
lightdm
lightdm-gtk-greeter
linux-headers
lmms
love
m4
make
menulibre
mono
mousepad
network-manager-applet
networkmanager
noto-fonts
noto-fonts-emoji
ntfs-3g
nuget
obs-studio
openvpn
orage
oxygen-icons
p7zip
parole
patch
pavucontrol
pcsx2
pepper-flash
pkg-config
plank
pulseaudio
pulseaudio-alsa
pulseaudio-bluetooth
python-xdg
qemu
qtcreator
ranger
redshift
reflector
remmina
ristretto
screenfetch
sddm
simplescreenrecorder
sshfs
steam
sudo
systemd
thunar-archive-plugin
thunar-media-tags-plugin
ttf-dejavu
tumbler
virtualbox
virtualbox-guest-iso
virtualbox-host-dkms
vlc
wget
wine-mono
wine-staging
wine_gecko
winetricks
wpa_supplicant
xcursor-themes
xdg-user-dirs
xfburn
xfce4-appfinder
xfce4-artwork
xfce4-battery-plugin
xfce4-clipman-plugin
xfce4-cpufreq-plugin
xfce4-cpugraph-plugin
xfce4-datetime-plugin
xfce4-dict
xfce4-diskperf-plugin
xfce4-eyes-plugin
xfce4-fsguard-plugin
xfce4-genmon-plugin
xfce4-mailwatch-plugin
xfce4-mount-plugin
xfce4-mpc-plugin
xfce4-netload-plugin
xfce4-notes-plugin
xfce4-notifyd
xfce4-panel
xfce4-power-manager
xfce4-pulseaudio-plugin
xfce4-screenshooter
xfce4-sensors-plugin
xfce4-session
xfce4-settings
xfce4-smartbookmark-plugin
xfce4-systemload-plugin
xfce4-taskmanager
xfce4-terminal
xfce4-time-out-plugin
xfce4-timer-plugin
xfce4-verve-plugin
xfce4-wavelan-plugin
xfce4-weather-plugin
xfce4-whiskermenu-plugin
xfce4-xkb-plugin
xfconf
xfdesktop
xfwm4
xfwm4-themes
xorg-server
xorg-xinit
xscreensaver
yaourt
